<?xml version="1.0" encoding="UTF-8"?>
<!-- Generated by org.testng.reporters.JUnitReportReporter -->
<testsuite hostname="LAPTOP-LLHPSALD" failures="0" tests="1" name="MavenProject.MavenProject.AppTest" time="0.005" errors="0" timestamp="2021-05-11T15:36:44 IST" skipped="0">
  <testcase classname="MavenProject.MavenProject.AppTest" name="shouldAnswerWithTrue" time="0.005"/>
  <system-out/>
</testsuite> <!-- MavenProject.MavenProject.AppTest -->
