<?xml version="1.0" encoding="UTF-8"?>
<!-- Generated by org.testng.reporters.JUnitReportReporter -->
<testsuite hostname="LAPTOP-LLHPSALD" failures="0" tests="1" name="testpackage.MavenTest1" time="4.772" errors="0" timestamp="2021-05-11T15:59:36 IST" skipped="0">
  <testcase classname="testpackage.MavenTest1" name="test" time="4.772"/>
  <system-out/>
</testsuite> <!-- testpackage.MavenTest1 -->
